This file contains any messages produced by compilers while
running configure, to aid debugging if configure makes a mistake.

It was created by dosbox configure SVN, which was
generated by GNU Autoconf 2.69.  Invocation command line was

  $ ./configure 

## --------- ##
## Platform. ##
## --------- ##

hostname = Pengs-MBP.home
uname -m = x86_64
uname -r = 14.5.0
uname -s = Darwin
uname -v = Darwin Kernel Version 14.5.0: Wed Jul 29 02:26:53 PDT 2015; root:xnu-2782.40.9~1/RELEASE_X86_64

/usr/bin/uname -p = i386
/bin/uname -X     = unknown

/bin/arch              = unknown
/usr/bin/arch -k       = unknown
/usr/convex/getsysinfo = unknown
/usr/bin/hostinfo      = Mach kernel version:
	 Darwin Kernel Version 14.5.0: Wed Jul 29 02:26:53 PDT 2015; root:xnu-2782.40.9~1/RELEASE_X86_64
Kernel configured for up to 8 processors.
4 processors are physically available.
8 processors are logically available.
Processor type: x86_64h (Intel x86-64h Haswell)
Processors active: 0 1 2 3 4 5 6 7
Primary memory available: 16.00 gigabytes
Default processor set: 229 tasks, 1051 threads, 8 processors
Load average: 1.54, Mach factor: 6.45
/bin/machine           = unknown
/usr/bin/oslevel       = unknown
/bin/universe          = unknown

PATH: /usr/local/Cellar/emscripten/1.33.0/libexec/system/bin
PATH: /usr/local/bin
PATH: /usr/bin
PATH: /bin
PATH: /usr/sbin
PATH: /sbin
PATH: /Applications/Postgres.app/Contents/Versions/9.4/bin


## ----------- ##
## Core tests. ##
## ----------- ##

configure:2514: auto-detected use of Emscripten
configure:2564: checking build system type
configure:2578: result: x86_64-apple-darwin14.5.0
configure:2598: checking host system type
configure:2611: result: none-none-none
configure:2649: checking for a BSD-compatible install
configure:2717: result: /usr/bin/install -c
configure:2728: checking whether build environment is sane
configure:2783: result: yes
configure:2934: checking for a thread-safe mkdir -p
configure:2973: result: ./install-sh -c -d
configure:2980: checking for gawk
configure:3010: result: no
configure:2980: checking for mawk
configure:3010: result: no
configure:2980: checking for nawk
configure:3010: result: no
configure:2980: checking for awk
configure:2996: found /usr/bin/awk
configure:3007: result: awk
configure:3018: checking whether make sets $(MAKE)
configure:3040: result: yes
configure:3069: checking whether make supports nested variables
configure:3086: result: yes
configure:3215: checking whether make sets $(MAKE)
configure:3237: result: yes
configure:3294: checking for gcc
configure:3321: result: /usr/local/Cellar/emscripten/1.33.0/libexec/emcc
configure:3550: checking for C compiler version
configure:3559: /usr/local/Cellar/emscripten/1.33.0/libexec/emcc --version >&5
emcc (Emscripten gcc/clang-like replacement) 1.33.0 (commit 58f45afc22a926895ee3ba2671b067e93f8db717)
Copyright (C) 2014 the Emscripten authors (see AUTHORS.txt)
This is free and open source software under the MIT license.
There is NO warranty; not even for MERCHANTABILITY or FITNESS FOR A PARTICULAR PURPOSE.
  
configure:3570: $? = 0
configure:3559: /usr/local/Cellar/emscripten/1.33.0/libexec/emcc -v >&5
emcc (Emscripten gcc/clang-like replacement) 1.33.0
clang version 3.7.0 
Target: x86_64-apple-darwin14.5.0
Thread model: posix
INFO     root: [32m(Emscripten: Running sanity checks)[0m
configure:3570: $? = 0
configure:3559: /usr/local/Cellar/emscripten/1.33.0/libexec/emcc -V >&5
ERROR    root: [31mno input files
note that input files without a known suffix are ignored, make sure your input files end with one of: ('.c', '.C', '.i', '.cpp', '.cxx', '.cc', '.c++', '.CPP', '.CXX', '.CC', '.C++', '.ii', '.m', '.mi', '.mm', '.mii', '.bc', '.o', '.obj', '.dylib', '.so', '.a', '.ll', '.h', '.hxx', '.hpp', '.hh', '.H', '.HXX', '.HPP', '.HH')[0m
configure:3570: $? = 0
configure:3559: /usr/local/Cellar/emscripten/1.33.0/libexec/emcc -qversion >&5
ERROR    root: [31mno input files
note that input files without a known suffix are ignored, make sure your input files end with one of: ('.c', '.C', '.i', '.cpp', '.cxx', '.cc', '.c++', '.CPP', '.CXX', '.CC', '.C++', '.ii', '.m', '.mi', '.mm', '.mii', '.bc', '.o', '.obj', '.dylib', '.so', '.a', '.ll', '.h', '.hxx', '.hpp', '.hh', '.H', '.HXX', '.HPP', '.HH')[0m
configure:3570: $? = 0
configure:3590: checking whether the C compiler works
configure:3612: /usr/local/Cellar/emscripten/1.33.0/libexec/emcc    conftest.c  >&5
configure:3616: $? = 0
configure:3664: result: yes
configure:3667: checking for C compiler default output file name
configure:3669: result: a.out
configure:3675: checking for suffix of executables
configure:3682: /usr/local/Cellar/emscripten/1.33.0/libexec/emcc -o conftest.html    conftest.c  >&5
configure:3686: $? = 0
configure:3708: result: .html
configure:3730: checking whether we are cross compiling
configure:3738: /usr/local/Cellar/emscripten/1.33.0/libexec/emcc -o conftest.html    conftest.c  >&5
configure:3742: $? = 0
configure:3749: ./conftest.html
configure:3753: $? = 0
configure:3768: result: no
configure:3773: checking for suffix of object files
configure:3795: /usr/local/Cellar/emscripten/1.33.0/libexec/emcc -c   conftest.c >&5
configure:3799: $? = 0
configure:3820: result: o
configure:3824: checking whether we are using the GNU C compiler
configure:3843: /usr/local/Cellar/emscripten/1.33.0/libexec/emcc -c   conftest.c >&5
configure:3843: $? = 0
configure:3852: result: yes
configure:3861: checking whether /usr/local/Cellar/emscripten/1.33.0/libexec/emcc accepts -g
configure:3881: /usr/local/Cellar/emscripten/1.33.0/libexec/emcc -c -g  conftest.c >&5
configure:3881: $? = 0
configure:3922: result: yes
configure:3939: checking for /usr/local/Cellar/emscripten/1.33.0/libexec/emcc option to accept ISO C89
configure:4002: /usr/local/Cellar/emscripten/1.33.0/libexec/emcc  -c   conftest.c >&5
configure:4002: $? = 0
configure:4015: result: none needed
configure:4040: checking whether /usr/local/Cellar/emscripten/1.33.0/libexec/emcc understands -c and -o together
configure:4062: /usr/local/Cellar/emscripten/1.33.0/libexec/emcc -c conftest.c -o conftest2.o
configure:4065: $? = 0
configure:4062: /usr/local/Cellar/emscripten/1.33.0/libexec/emcc -c conftest.c -o conftest2.o
configure:4065: $? = 0
configure:4077: result: yes
configure:4105: checking for style of include used by make
configure:4133: result: GNU
configure:4159: checking dependency style of /usr/local/Cellar/emscripten/1.33.0/libexec/emcc
configure:4270: result: gcc3
configure:4290: checking how to run the C preprocessor
configure:4321: /usr/local/Cellar/emscripten/1.33.0/libexec/emcc -E  conftest.c
configure:4321: $? = 0
configure:4335: /usr/local/Cellar/emscripten/1.33.0/libexec/emcc -E  conftest.c
conftest.c:11:10: fatal error: 'ac_nonexistent.h' file not found
#include <ac_nonexistent.h>
         ^
1 error generated.
configure:4335: $? = 1
configure: failed program was:
| /* confdefs.h */
| #define PACKAGE_NAME "dosbox"
| #define PACKAGE_TARNAME "dosbox"
| #define PACKAGE_VERSION "SVN"
| #define PACKAGE_STRING "dosbox SVN"
| #define PACKAGE_BUGREPORT ""
| #define PACKAGE_URL ""
| #define PACKAGE "dosbox"
| #define VERSION "SVN"
| /* end confdefs.h.  */
| #include <ac_nonexistent.h>
configure:4360: result: /usr/local/Cellar/emscripten/1.33.0/libexec/emcc -E
configure:4380: /usr/local/Cellar/emscripten/1.33.0/libexec/emcc -E  conftest.c
configure:4380: $? = 0
configure:4394: /usr/local/Cellar/emscripten/1.33.0/libexec/emcc -E  conftest.c
conftest.c:11:10: fatal error: 'ac_nonexistent.h' file not found
#include <ac_nonexistent.h>
         ^
1 error generated.
configure:4394: $? = 1
configure: failed program was:
| /* confdefs.h */
| #define PACKAGE_NAME "dosbox"
| #define PACKAGE_TARNAME "dosbox"
| #define PACKAGE_VERSION "SVN"
| #define PACKAGE_STRING "dosbox SVN"
| #define PACKAGE_BUGREPORT ""
| #define PACKAGE_URL ""
| #define PACKAGE "dosbox"
| #define VERSION "SVN"
| /* end confdefs.h.  */
| #include <ac_nonexistent.h>
configure:4534: checking for C++ compiler version
configure:4543: /usr/local/Cellar/emscripten/1.33.0/libexec/em++ --version >&5
emcc (Emscripten gcc/clang-like replacement) 1.33.0 (commit 58f45afc22a926895ee3ba2671b067e93f8db717)
Copyright (C) 2014 the Emscripten authors (see AUTHORS.txt)
This is free and open source software under the MIT license.
There is NO warranty; not even for MERCHANTABILITY or FITNESS FOR A PARTICULAR PURPOSE.
  
configure:4554: $? = 0
configure:4543: /usr/local/Cellar/emscripten/1.33.0/libexec/em++ -v >&5
emcc (Emscripten gcc/clang-like replacement) 1.33.0
clang version 3.7.0 
Target: x86_64-apple-darwin14.5.0
Thread model: posix
INFO     root: [32m(Emscripten: Running sanity checks)[0m
configure:4554: $? = 0
configure:4543: /usr/local/Cellar/emscripten/1.33.0/libexec/em++ -V >&5
ERROR    root: [31mno input files
note that input files without a known suffix are ignored, make sure your input files end with one of: ('.c', '.C', '.i', '.cpp', '.cxx', '.cc', '.c++', '.CPP', '.CXX', '.CC', '.C++', '.ii', '.m', '.mi', '.mm', '.mii', '.bc', '.o', '.obj', '.dylib', '.so', '.a', '.ll', '.h', '.hxx', '.hpp', '.hh', '.H', '.HXX', '.HPP', '.HH')[0m
configure:4554: $? = 0
configure:4543: /usr/local/Cellar/emscripten/1.33.0/libexec/em++ -qversion >&5
ERROR    root: [31mno input files
note that input files without a known suffix are ignored, make sure your input files end with one of: ('.c', '.C', '.i', '.cpp', '.cxx', '.cc', '.c++', '.CPP', '.CXX', '.CC', '.C++', '.ii', '.m', '.mi', '.mm', '.mii', '.bc', '.o', '.obj', '.dylib', '.so', '.a', '.ll', '.h', '.hxx', '.hpp', '.hh', '.H', '.HXX', '.HPP', '.HH')[0m
configure:4554: $? = 0
configure:4558: checking whether we are using the GNU C++ compiler
configure:4577: /usr/local/Cellar/emscripten/1.33.0/libexec/em++ -c -O3  conftest.cpp >&5
configure:4577: $? = 0
configure:4586: result: yes
configure:4595: checking whether /usr/local/Cellar/emscripten/1.33.0/libexec/em++ accepts -g
configure:4615: /usr/local/Cellar/emscripten/1.33.0/libexec/em++ -c -g  conftest.cpp >&5
configure:4615: $? = 0
configure:4656: result: yes
configure:4681: checking dependency style of /usr/local/Cellar/emscripten/1.33.0/libexec/em++
configure:4792: result: gcc3
configure:4851: checking for ranlib
configure:4878: result: /usr/local/Cellar/emscripten/1.33.0/libexec/emranlib
configure:5003: checking the archiver (/usr/local/Cellar/emscripten/1.33.0/libexec/emar) interface
configure:5019: /usr/local/Cellar/emscripten/1.33.0/libexec/emcc -c   conftest.c >&5
configure:5019: $? = 0
configure:5021: /usr/local/Cellar/emscripten/1.33.0/libexec/emar cru libconftest.a conftest.o >&5
configure:5024: $? = 0
configure:5052: result: ar
configure:5404: checking for an ANSI C-conforming const
configure:5470: /usr/local/Cellar/emscripten/1.33.0/libexec/emcc -c   conftest.c >&5
configure:5470: $? = 0
configure:5477: result: yes
configure:5485: checking for inline
configure:5501: /usr/local/Cellar/emscripten/1.33.0/libexec/emcc -c   conftest.c >&5
configure:5501: $? = 0
configure:5509: result: inline
configure:5528: checking for grep that handles long lines and -e
configure:5586: result: /usr/bin/grep
configure:5591: checking for egrep
configure:5653: result: /usr/bin/grep -E
configure:5658: checking for ANSI C header files
configure:5678: /usr/local/Cellar/emscripten/1.33.0/libexec/emcc -c   conftest.c >&5
configure:5678: $? = 0
configure:5751: /usr/local/Cellar/emscripten/1.33.0/libexec/emcc -o conftest.html    conftest.c  >&5
configure:5751: $? = 0
configure:5751: ./conftest.html
configure:5751: $? = 0
configure:5762: result: yes
configure:5775: checking for sys/types.h
configure:5775: /usr/local/Cellar/emscripten/1.33.0/libexec/emcc -c   conftest.c >&5
configure:5775: $? = 0
configure:5775: result: yes
configure:5775: checking for sys/stat.h
configure:5775: /usr/local/Cellar/emscripten/1.33.0/libexec/emcc -c   conftest.c >&5
configure:5775: $? = 0
configure:5775: result: yes
configure:5775: checking for stdlib.h
configure:5775: /usr/local/Cellar/emscripten/1.33.0/libexec/emcc -c   conftest.c >&5
configure:5775: $? = 0
configure:5775: result: yes
configure:5775: checking for string.h
configure:5775: /usr/local/Cellar/emscripten/1.33.0/libexec/emcc -c   conftest.c >&5
configure:5775: $? = 0
configure:5775: result: yes
configure:5775: checking for memory.h
configure:5775: /usr/local/Cellar/emscripten/1.33.0/libexec/emcc -c   conftest.c >&5
configure:5775: $? = 0
configure:5775: result: yes
configure:5775: checking for strings.h
configure:5775: /usr/local/Cellar/emscripten/1.33.0/libexec/emcc -c   conftest.c >&5
configure:5775: $? = 0
configure:5775: result: yes
configure:5775: checking for inttypes.h
configure:5775: /usr/local/Cellar/emscripten/1.33.0/libexec/emcc -c   conftest.c >&5
configure:5775: $? = 0
configure:5775: result: yes
configure:5775: checking for stdint.h
configure:5775: /usr/local/Cellar/emscripten/1.33.0/libexec/emcc -c   conftest.c >&5
configure:5775: $? = 0
configure:5775: result: yes
configure:5775: checking for unistd.h
configure:5775: /usr/local/Cellar/emscripten/1.33.0/libexec/emcc -c   conftest.c >&5
configure:5775: $? = 0
configure:5775: result: yes
configure:5787: checking for size_t
configure:5787: /usr/local/Cellar/emscripten/1.33.0/libexec/emcc -c   conftest.c >&5
configure:5787: $? = 0
configure:5787: /usr/local/Cellar/emscripten/1.33.0/libexec/emcc -c   conftest.c >&5
conftest.c:58:21: error: expected expression
if (sizeof ((size_t)))
                    ^
1 error generated.
ERROR    root: [31mcompiler frontend failed to generate LLVM bitcode, halting[0m
configure:5787: $? = 1
configure: failed program was:
| /* confdefs.h */
| #define PACKAGE_NAME "dosbox"
| #define PACKAGE_TARNAME "dosbox"
| #define PACKAGE_VERSION "SVN"
| #define PACKAGE_STRING "dosbox SVN"
| #define PACKAGE_BUGREPORT ""
| #define PACKAGE_URL ""
| #define PACKAGE "dosbox"
| #define VERSION "SVN"
| #define FUNARRAY_CORE 1
| #define STDC_HEADERS 1
| #define HAVE_SYS_TYPES_H 1
| #define HAVE_SYS_STAT_H 1
| #define HAVE_STDLIB_H 1
| #define HAVE_STRING_H 1
| #define HAVE_MEMORY_H 1
| #define HAVE_STRINGS_H 1
| #define HAVE_INTTYPES_H 1
| #define HAVE_STDINT_H 1
| #define HAVE_UNISTD_H 1
| /* end confdefs.h.  */
| #include <stdio.h>
| #ifdef HAVE_SYS_TYPES_H
| # include <sys/types.h>
| #endif
| #ifdef HAVE_SYS_STAT_H
| # include <sys/stat.h>
| #endif
| #ifdef STDC_HEADERS
| # include <stdlib.h>
| # include <stddef.h>
| #else
| # ifdef HAVE_STDLIB_H
| #  include <stdlib.h>
| # endif
| #endif
| #ifdef HAVE_STRING_H
| # if !defined STDC_HEADERS && defined HAVE_MEMORY_H
| #  include <memory.h>
| # endif
| # include <string.h>
| #endif
| #ifdef HAVE_STRINGS_H
| # include <strings.h>
| #endif
| #ifdef HAVE_INTTYPES_H
| # include <inttypes.h>
| #endif
| #ifdef HAVE_STDINT_H
| # include <stdint.h>
| #endif
| #ifdef HAVE_UNISTD_H
| # include <unistd.h>
| #endif
| int
| main ()
| {
| if (sizeof ((size_t)))
| 	    return 0;
|   ;
|   return 0;
| }
configure:5787: result: yes
configure:5798: checking whether struct tm is in sys/time.h or time.h
configure:5818: /usr/local/Cellar/emscripten/1.33.0/libexec/emcc -c   conftest.c >&5
configure:5818: $? = 0
configure:5825: result: time.h
configure:5837: checking size of unsigned char
configure:5842: /usr/local/Cellar/emscripten/1.33.0/libexec/emcc -o conftest.html    conftest.c  >&5
configure:5842: $? = 0
configure:5842: ./conftest.html
configure:5842: $? = 0
configure:5856: result: 1
configure:5870: checking size of unsigned short
configure:5875: /usr/local/Cellar/emscripten/1.33.0/libexec/emcc -o conftest.html    conftest.c  >&5
configure:5875: $? = 0
configure:5875: ./conftest.html
configure:5875: $? = 0
configure:5889: result: 2
configure:5903: checking size of unsigned int
configure:5908: /usr/local/Cellar/emscripten/1.33.0/libexec/emcc -o conftest.html    conftest.c  >&5
configure:5908: $? = 0
configure:5908: ./conftest.html
configure:5908: $? = 0
configure:5922: result: 4
configure:5936: checking size of unsigned long
configure:5941: /usr/local/Cellar/emscripten/1.33.0/libexec/emcc -o conftest.html    conftest.c  >&5
configure:5941: $? = 0
configure:5941: ./conftest.html
configure:5941: $? = 0
configure:5955: result: 8
configure:5969: checking size of unsigned long long
configure:5974: /usr/local/Cellar/emscripten/1.33.0/libexec/emcc -o conftest.html    conftest.c  >&5
configure:5974: $? = 0
configure:5974: ./conftest.html
configure:5974: $? = 0
configure:5988: result: 8
configure:6002: checking size of int *
configure:6007: /usr/local/Cellar/emscripten/1.33.0/libexec/emcc -o conftest.html    conftest.c  >&5
configure:6007: $? = 0
configure:6007: ./conftest.html
configure:6007: $? = 0
configure:6021: result: 8
configure:6035: checking for stdlib.h
configure:6035: result: yes
configure:6035: checking for sys/types.h
configure:6035: result: yes
configure:6048: checking for sys/socket.h
configure:6048: /usr/local/Cellar/emscripten/1.33.0/libexec/emcc -c   conftest.c >&5
configure:6048: $? = 0
configure:6048: result: yes
configure:6048: checking for netinet/in.h
configure:6048: /usr/local/Cellar/emscripten/1.33.0/libexec/emcc -c   conftest.c >&5
configure:6048: $? = 0
configure:6048: result: yes
configure:6048: checking for pwd.h
configure:6048: /usr/local/Cellar/emscripten/1.33.0/libexec/emcc -c   conftest.c >&5
configure:6048: $? = 0
configure:6048: result: yes
configure:6092: /usr/local/Cellar/emscripten/1.33.0/libexec/emcc -c   conftest.c >&5
configure:6092: $? = 0
configure:6101: checking if environ can be included
configure:6116: /usr/local/Cellar/emscripten/1.33.0/libexec/emcc -o conftest.html    conftest.c  >&5
conftest.c:39:2: error: use of undeclared identifier 'environ'
*environ;
 ^
1 error generated.
ERROR    root: [31mcompiler frontend failed to generate LLVM bitcode, halting[0m
configure:6116: $? = 1
configure: failed program was:
| /* confdefs.h */
| #define PACKAGE_NAME "dosbox"
| #define PACKAGE_TARNAME "dosbox"
| #define PACKAGE_VERSION "SVN"
| #define PACKAGE_STRING "dosbox SVN"
| #define PACKAGE_BUGREPORT ""
| #define PACKAGE_URL ""
| #define PACKAGE "dosbox"
| #define VERSION "SVN"
| #define FUNARRAY_CORE 1
| #define STDC_HEADERS 1
| #define HAVE_SYS_TYPES_H 1
| #define HAVE_SYS_STAT_H 1
| #define HAVE_STDLIB_H 1
| #define HAVE_STRING_H 1
| #define HAVE_MEMORY_H 1
| #define HAVE_STRINGS_H 1
| #define HAVE_INTTYPES_H 1
| #define HAVE_STDINT_H 1
| #define HAVE_UNISTD_H 1
| #define SIZEOF_UNSIGNED_CHAR 1
| #define SIZEOF_UNSIGNED_SHORT 2
| #define SIZEOF_UNSIGNED_INT 4
| #define SIZEOF_UNSIGNED_LONG 8
| #define SIZEOF_UNSIGNED_LONG_LONG 8
| #define SIZEOF_INT_P 8
| #define HAVE_STDLIB_H 1
| #define HAVE_SYS_TYPES_H 1
| #define HAVE_SYS_SOCKET_H 1
| #define HAVE_NETINET_IN_H 1
| #define HAVE_PWD_H 1
| /* end confdefs.h.  */
| 
| #include <unistd.h>
| #include <stdlib.h>
| int
| main ()
| {
| *environ;
|   ;
|   return 0;
| }
configure:6122: result: no
configure:6128: checking if environ can be linked
configure:6141: /usr/local/Cellar/emscripten/1.33.0/libexec/emcc -o conftest.html    conftest.c  >&5
conftest.c:37:1: warning: expression result unused [-Wunused-value]
*environ;
^~~~~~~~
1 warning generated.
configure:6141: $? = 0
configure:6142: result: yes
configure:6153: checking if dirent includes d_type
configure:6165: /usr/local/Cellar/emscripten/1.33.0/libexec/emcc -c   conftest.c >&5
configure:6165: $? = 0
configure:6166: result: yes
configure:6177: checking for powf in libm
configure:6194: /usr/local/Cellar/emscripten/1.33.0/libexec/emcc -o conftest.html    conftest.c  -lm >&5
conftest.c:40:9: warning: ignoring return value of function declared with const attribute [-Wunused-value]
        powf(1.0f, 1.0f);
        ^~~~ ~~~~~~~~~~
1 warning generated.
configure:6194: $? = 0
configure:6195: result: yes
configure:6207: checking for library containing clock_gettime
configure:6238: /usr/local/Cellar/emscripten/1.33.0/libexec/emcc -o conftest.html    conftest.c  >&5
[0;33mwarning:[0m unexpected number of arguments 0 in call to 'clock_gettime', should be 1
configure:6238: $? = 0
configure:6255: result: none required
configure:6273: checking if compiler allows __attribute__
configure:6287: /usr/local/Cellar/emscripten/1.33.0/libexec/emcc -c   conftest.c >&5
configure:6287: $? = 0
configure:6288: result: yes
configure:6303: checking if compiler allows __attribute__((always_inline)) 
configure:6310: /usr/local/Cellar/emscripten/1.33.0/libexec/emcc -c -Werror  conftest.c >&5
configure:6310: $? = 0
configure:6311: result: yes
configure:6321: checking if compiler allows __attribute__((fastcall)) 
configure:6328: /usr/local/Cellar/emscripten/1.33.0/libexec/emcc -c -Werror  conftest.c >&5
conftest.c:38:22: error: calling convention 'fastcall' ignored for this target [-Werror,-Wignored-attributes]
 void __attribute__((fastcall)) test(){}
                     ^
1 error generated.
ERROR    root: [31mcompiler frontend failed to generate LLVM bitcode, halting[0m
configure:6328: $? = 1
configure: failed program was:
| /* confdefs.h */
| #define PACKAGE_NAME "dosbox"
| #define PACKAGE_TARNAME "dosbox"
| #define PACKAGE_VERSION "SVN"
| #define PACKAGE_STRING "dosbox SVN"
| #define PACKAGE_BUGREPORT ""
| #define PACKAGE_URL ""
| #define PACKAGE "dosbox"
| #define VERSION "SVN"
| #define FUNARRAY_CORE 1
| #define STDC_HEADERS 1
| #define HAVE_SYS_TYPES_H 1
| #define HAVE_SYS_STAT_H 1
| #define HAVE_STDLIB_H 1
| #define HAVE_STRING_H 1
| #define HAVE_MEMORY_H 1
| #define HAVE_STRINGS_H 1
| #define HAVE_INTTYPES_H 1
| #define HAVE_STDINT_H 1
| #define HAVE_UNISTD_H 1
| #define SIZEOF_UNSIGNED_CHAR 1
| #define SIZEOF_UNSIGNED_SHORT 2
| #define SIZEOF_UNSIGNED_INT 4
| #define SIZEOF_UNSIGNED_LONG 8
| #define SIZEOF_UNSIGNED_LONG_LONG 8
| #define SIZEOF_INT_P 8
| #define HAVE_STDLIB_H 1
| #define HAVE_SYS_TYPES_H 1
| #define HAVE_SYS_SOCKET_H 1
| #define HAVE_NETINET_IN_H 1
| #define HAVE_PWD_H 1
| #define ENVIRON_LINKED 1
| #define DIRENT_HAS_D_TYPE 1
| #define DB_HAVE_CLOCK_GETTIME 1
| #define C_HAS_ATTRIBUTE 1
| #define C_ATTRIBUTE_ALWAYS_INLINE 1
| /* end confdefs.h.  */
|  void __attribute__((fastcall)) test(){}
| 
configure:6333: result: no
configure:6351: checking if compiler allows __builtin_expect
configure:6367: /usr/local/Cellar/emscripten/1.33.0/libexec/em++ -c -O3  conftest.cpp >&5
conftest.cpp:43:44: warning: if statement has empty body [-Wempty-body]
int x=10;if( __builtin_expect ((x==1),0) ) ;
                                           ^
conftest.cpp:43:44: note: put the semicolon on a separate line to silence this warning
1 warning generated.
configure:6367: $? = 0
configure:6368: result: yes
configure:6457: checking for ALSA CFLAGS
configure:6463: result: 
configure:6466: checking for ALSA LDFLAGS
configure:6479: result:  -lasound -lm -ldl -lpthread
configure:6483: checking for libasound headers version >= 0.9.0
configure:6545: /usr/local/Cellar/emscripten/1.33.0/libexec/emcc -c   conftest.c >&5
conftest.c:40:10: fatal error: 'alsa/asoundlib.h' file not found
#include <alsa/asoundlib.h>
         ^
1 error generated.
ERROR    root: [31mcompiler frontend failed to generate LLVM bitcode, halting[0m
configure:6545: $? = 1
configure: failed program was:
| /* confdefs.h */
| #define PACKAGE_NAME "dosbox"
| #define PACKAGE_TARNAME "dosbox"
| #define PACKAGE_VERSION "SVN"
| #define PACKAGE_STRING "dosbox SVN"
| #define PACKAGE_BUGREPORT ""
| #define PACKAGE_URL ""
| #define PACKAGE "dosbox"
| #define VERSION "SVN"
| #define FUNARRAY_CORE 1
| #define STDC_HEADERS 1
| #define HAVE_SYS_TYPES_H 1
| #define HAVE_SYS_STAT_H 1
| #define HAVE_STDLIB_H 1
| #define HAVE_STRING_H 1
| #define HAVE_MEMORY_H 1
| #define HAVE_STRINGS_H 1
| #define HAVE_INTTYPES_H 1
| #define HAVE_STDINT_H 1
| #define HAVE_UNISTD_H 1
| #define SIZEOF_UNSIGNED_CHAR 1
| #define SIZEOF_UNSIGNED_SHORT 2
| #define SIZEOF_UNSIGNED_INT 4
| #define SIZEOF_UNSIGNED_LONG 8
| #define SIZEOF_UNSIGNED_LONG_LONG 8
| #define SIZEOF_INT_P 8
| #define HAVE_STDLIB_H 1
| #define HAVE_SYS_TYPES_H 1
| #define HAVE_SYS_SOCKET_H 1
| #define HAVE_NETINET_IN_H 1
| #define HAVE_PWD_H 1
| #define ENVIRON_LINKED 1
| #define DIRENT_HAS_D_TYPE 1
| #define DB_HAVE_CLOCK_GETTIME 1
| #define C_HAS_ATTRIBUTE 1
| #define C_ATTRIBUTE_ALWAYS_INLINE 1
| #define C_HAS_BUILTIN_EXPECT 1
| /* end confdefs.h.  */
| 
| #include <alsa/asoundlib.h>
| 
| int
| main ()
| {
| 
| /* ensure backward compatibility */
| #if !defined(SND_LIB_MAJOR) && defined(SOUNDLIB_VERSION_MAJOR)
| #define SND_LIB_MAJOR SOUNDLIB_VERSION_MAJOR
| #endif
| #if !defined(SND_LIB_MINOR) && defined(SOUNDLIB_VERSION_MINOR)
| #define SND_LIB_MINOR SOUNDLIB_VERSION_MINOR
| #endif
| #if !defined(SND_LIB_SUBMINOR) && defined(SOUNDLIB_VERSION_SUBMINOR)
| #define SND_LIB_SUBMINOR SOUNDLIB_VERSION_SUBMINOR
| #endif
| 
| #  if(SND_LIB_MAJOR > 0)
|   exit(0);
| #  else
| #    if(SND_LIB_MAJOR < 0)
| #       error not present
| #    endif
| 
| #   if(SND_LIB_MINOR > 9)
|   exit(0);
| #   else
| #     if(SND_LIB_MINOR < 9)
| #          error not present
| #      endif
| 
| #      if(SND_LIB_SUBMINOR < 0)
| #        error not present
| #      endif
| #    endif
| #  endif
| exit(0);
| 
|   ;
|   return 0;
| }
configure:6549: result: not present.
configure:6563: checking for snd_ctl_open in -lasound
configure:6588: /usr/local/Cellar/emscripten/1.33.0/libexec/emcc -o conftest.html    conftest.c -lasound   -lasound -lm -ldl -lpthread  >&5
WARNING  root: [33memcc: cannot find library "asound"[0m
WARNING  root: [33memcc: cannot find library "asound"[0m
WARNING  root: [33memcc: cannot find library "dl"[0m
WARNING  root: [33memcc: cannot find library "pthread"[0m
[0;33mwarning:[0m unexpected number of arguments 0 in call to 'snd_ctl_open', should be 1
error: unresolved symbol: snd_ctl_open
Aborting compilation due to previous errors | undefined
Traceback (most recent call last):
  File "/usr/local/Cellar/emscripten/1.33.0/libexec/emscripten.py", line 1043, in <module>
    _main(environ=os.environ)
  File "/usr/local/Cellar/emscripten/1.33.0/libexec/emscripten.py", line 1033, in _main
    temp_files.run_and_clean(lambda: main(
  File "/usr/local/Cellar/emscripten/1.33.0/libexec/tools/tempfiles.py", line 39, in run_and_clean
    return func()
  File "/usr/local/Cellar/emscripten/1.33.0/libexec/emscripten.py", line 1039, in <lambda>
    DEBUG_CACHE=DEBUG_CACHE,
  File "/usr/local/Cellar/emscripten/1.33.0/libexec/emscripten.py", line 940, in main
    temp_files=temp_files, DEBUG=DEBUG, DEBUG_CACHE=DEBUG_CACHE)
  File "/usr/local/Cellar/emscripten/1.33.0/libexec/emscripten.py", line 195, in emscript
    cwd=path_from_root('src'), error_limit=300)
  File "/usr/local/Cellar/emscripten/1.33.0/libexec/tools/jsrun.py", line 75, in run_js
    raise Exception('Expected the command ' + str(command) + ' to finish with return code ' + str(assert_returncode) + ', but it returned with code ' + str(proc.returncode) + ' instead! Output: ' + str(ret)[:error_limit])
Exception: Expected the command ['/usr/local/bin/node', '/usr/local/Cellar/emscripten/1.33.0/libexec/src/compiler.js', '/tmp/tmp6uGDBJ.txt'] to finish with return code 0, but it returned with code 1 instead! Output: // The Module object: Our interface to the outside world. We import
// and export values on it, and do the work to get that through
// closure compiler if necessary. There are various ways Module can be used:
// 1. Not defined. We create it here
// 2. A function parameter, function(Module) { ..gener
Traceback (most recent call last):
  File "/usr/local/Cellar/emscripten/1.33.0/libexec/emcc", line 1270, in <module>
    final = shared.Building.emscripten(final, append_ext=False, extra_args=extra_args)
  File "/usr/local/Cellar/emscripten/1.33.0/libexec/tools/shared.py", line 1535, in emscripten
    assert os.path.exists(filename + '.o.js'), 'Emscripten failed to generate .js'
AssertionError: Emscripten failed to generate .js
configure:6588: $? = 1
configure: failed program was:
| /* confdefs.h */
| #define PACKAGE_NAME "dosbox"
| #define PACKAGE_TARNAME "dosbox"
| #define PACKAGE_VERSION "SVN"
| #define PACKAGE_STRING "dosbox SVN"
| #define PACKAGE_BUGREPORT ""
| #define PACKAGE_URL ""
| #define PACKAGE "dosbox"
| #define VERSION "SVN"
| #define FUNARRAY_CORE 1
| #define STDC_HEADERS 1
| #define HAVE_SYS_TYPES_H 1
| #define HAVE_SYS_STAT_H 1
| #define HAVE_STDLIB_H 1
| #define HAVE_STRING_H 1
| #define HAVE_MEMORY_H 1
| #define HAVE_STRINGS_H 1
| #define HAVE_INTTYPES_H 1
| #define HAVE_STDINT_H 1
| #define HAVE_UNISTD_H 1
| #define SIZEOF_UNSIGNED_CHAR 1
| #define SIZEOF_UNSIGNED_SHORT 2
| #define SIZEOF_UNSIGNED_INT 4
| #define SIZEOF_UNSIGNED_LONG 8
| #define SIZEOF_UNSIGNED_LONG_LONG 8
| #define SIZEOF_INT_P 8
| #define HAVE_STDLIB_H 1
| #define HAVE_SYS_TYPES_H 1
| #define HAVE_SYS_SOCKET_H 1
| #define HAVE_NETINET_IN_H 1
| #define HAVE_PWD_H 1
| #define ENVIRON_LINKED 1
| #define DIRENT_HAS_D_TYPE 1
| #define DB_HAVE_CLOCK_GETTIME 1
| #define C_HAS_ATTRIBUTE 1
| #define C_ATTRIBUTE_ALWAYS_INLINE 1
| #define C_HAS_BUILTIN_EXPECT 1
| /* end confdefs.h.  */
| 
| /* Override any GCC internal prototype to avoid an error.
|    Use char because int might match the return type of a GCC
|    builtin and then its argument prototype would still apply.  */
| #ifdef __cplusplus
| extern "C"
| #endif
| char snd_ctl_open ();
| int
| main ()
| {
| return snd_ctl_open ();
|   ;
|   return 0;
| }
configure:6597: result: no
configure:6637: checking whether byte ordering is bigendian
configure:6652: /usr/local/Cellar/emscripten/1.33.0/libexec/emcc -c   conftest.c >&5
conftest.c:40:9: error: unknown type name 'not'
               not a universal capable compiler
               ^
conftest.c:40:14: error: expected ';' after top level declarator
               not a universal capable compiler
                    ^
                    ;
2 errors generated.
ERROR    root: [31mcompiler frontend failed to generate LLVM bitcode, halting[0m
configure:6652: $? = 1
configure: failed program was:
| /* confdefs.h */
| #define PACKAGE_NAME "dosbox"
| #define PACKAGE_TARNAME "dosbox"
| #define PACKAGE_VERSION "SVN"
| #define PACKAGE_STRING "dosbox SVN"
| #define PACKAGE_BUGREPORT ""
| #define PACKAGE_URL ""
| #define PACKAGE "dosbox"
| #define VERSION "SVN"
| #define FUNARRAY_CORE 1
| #define STDC_HEADERS 1
| #define HAVE_SYS_TYPES_H 1
| #define HAVE_SYS_STAT_H 1
| #define HAVE_STDLIB_H 1
| #define HAVE_STRING_H 1
| #define HAVE_MEMORY_H 1
| #define HAVE_STRINGS_H 1
| #define HAVE_INTTYPES_H 1
| #define HAVE_STDINT_H 1
| #define HAVE_UNISTD_H 1
| #define SIZEOF_UNSIGNED_CHAR 1
| #define SIZEOF_UNSIGNED_SHORT 2
| #define SIZEOF_UNSIGNED_INT 4
| #define SIZEOF_UNSIGNED_LONG 8
| #define SIZEOF_UNSIGNED_LONG_LONG 8
| #define SIZEOF_INT_P 8
| #define HAVE_STDLIB_H 1
| #define HAVE_SYS_TYPES_H 1
| #define HAVE_SYS_SOCKET_H 1
| #define HAVE_NETINET_IN_H 1
| #define HAVE_PWD_H 1
| #define ENVIRON_LINKED 1
| #define DIRENT_HAS_D_TYPE 1
| #define DB_HAVE_CLOCK_GETTIME 1
| #define C_HAS_ATTRIBUTE 1
| #define C_ATTRIBUTE_ALWAYS_INLINE 1
| #define C_HAS_BUILTIN_EXPECT 1
| /* end confdefs.h.  */
| #ifndef __APPLE_CC__
| 	       not a universal capable compiler
| 	     #endif
| 	     typedef int dummy;
| 
configure:6697: /usr/local/Cellar/emscripten/1.33.0/libexec/emcc -c   conftest.c >&5
configure:6697: $? = 0
configure:6715: /usr/local/Cellar/emscripten/1.33.0/libexec/emcc -c   conftest.c >&5
conftest.c:46:4: error: use of undeclared identifier 'not'
                 not big endian
                 ^
1 error generated.
ERROR    root: [31mcompiler frontend failed to generate LLVM bitcode, halting[0m
configure:6715: $? = 1
configure: failed program was:
| /* confdefs.h */
| #define PACKAGE_NAME "dosbox"
| #define PACKAGE_TARNAME "dosbox"
| #define PACKAGE_VERSION "SVN"
| #define PACKAGE_STRING "dosbox SVN"
| #define PACKAGE_BUGREPORT ""
| #define PACKAGE_URL ""
| #define PACKAGE "dosbox"
| #define VERSION "SVN"
| #define FUNARRAY_CORE 1
| #define STDC_HEADERS 1
| #define HAVE_SYS_TYPES_H 1
| #define HAVE_SYS_STAT_H 1
| #define HAVE_STDLIB_H 1
| #define HAVE_STRING_H 1
| #define HAVE_MEMORY_H 1
| #define HAVE_STRINGS_H 1
| #define HAVE_INTTYPES_H 1
| #define HAVE_STDINT_H 1
| #define HAVE_UNISTD_H 1
| #define SIZEOF_UNSIGNED_CHAR 1
| #define SIZEOF_UNSIGNED_SHORT 2
| #define SIZEOF_UNSIGNED_INT 4
| #define SIZEOF_UNSIGNED_LONG 8
| #define SIZEOF_UNSIGNED_LONG_LONG 8
| #define SIZEOF_INT_P 8
| #define HAVE_STDLIB_H 1
| #define HAVE_SYS_TYPES_H 1
| #define HAVE_SYS_SOCKET_H 1
| #define HAVE_NETINET_IN_H 1
| #define HAVE_PWD_H 1
| #define ENVIRON_LINKED 1
| #define DIRENT_HAS_D_TYPE 1
| #define DB_HAVE_CLOCK_GETTIME 1
| #define C_HAS_ATTRIBUTE 1
| #define C_ATTRIBUTE_ALWAYS_INLINE 1
| #define C_HAS_BUILTIN_EXPECT 1
| /* end confdefs.h.  */
| #include <sys/types.h>
| 		#include <sys/param.h>
| 
| int
| main ()
| {
| #if BYTE_ORDER != BIG_ENDIAN
| 		 not big endian
| 		#endif
| 
|   ;
|   return 0;
| }
configure:6843: result: no
configure:7045: checking for target cpu type
configure:7083: result: unknown
configure:7105: checking whether x86 dynamic cpu core will be enabled
configure:7117: result: no
configure:7130: checking whether recompiling cpu core will be enabled
configure:7153: result: no
configure:7167: checking whether fpu emulation will be enabled
configure:7170: result: yes
configure:7194: checking whether the x86/x64 assembly fpu core will be enabled
configure:7207: result: no
configure:7224: checking whether to enable unaligned memory access
configure:7232: result: no
configure:7298: checking SDL_net.h usability
configure:7298: /usr/local/Cellar/emscripten/1.33.0/libexec/emcc -c   conftest.c >&5
conftest.c:74:10: fatal error: 'SDL_net.h' file not found
#include <SDL_net.h>
         ^
1 error generated.
ERROR    root: [31mcompiler frontend failed to generate LLVM bitcode, halting[0m
configure:7298: $? = 1
configure: failed program was:
| /* confdefs.h */
| #define PACKAGE_NAME "dosbox"
| #define PACKAGE_TARNAME "dosbox"
| #define PACKAGE_VERSION "SVN"
| #define PACKAGE_STRING "dosbox SVN"
| #define PACKAGE_BUGREPORT ""
| #define PACKAGE_URL ""
| #define PACKAGE "dosbox"
| #define VERSION "SVN"
| #define FUNARRAY_CORE 1
| #define STDC_HEADERS 1
| #define HAVE_SYS_TYPES_H 1
| #define HAVE_SYS_STAT_H 1
| #define HAVE_STDLIB_H 1
| #define HAVE_STRING_H 1
| #define HAVE_MEMORY_H 1
| #define HAVE_STRINGS_H 1
| #define HAVE_INTTYPES_H 1
| #define HAVE_STDINT_H 1
| #define HAVE_UNISTD_H 1
| #define SIZEOF_UNSIGNED_CHAR 1
| #define SIZEOF_UNSIGNED_SHORT 2
| #define SIZEOF_UNSIGNED_INT 4
| #define SIZEOF_UNSIGNED_LONG 8
| #define SIZEOF_UNSIGNED_LONG_LONG 8
| #define SIZEOF_INT_P 8
| #define HAVE_STDLIB_H 1
| #define HAVE_SYS_TYPES_H 1
| #define HAVE_SYS_SOCKET_H 1
| #define HAVE_NETINET_IN_H 1
| #define HAVE_PWD_H 1
| #define ENVIRON_LINKED 1
| #define DIRENT_HAS_D_TYPE 1
| #define DB_HAVE_CLOCK_GETTIME 1
| #define C_HAS_ATTRIBUTE 1
| #define C_ATTRIBUTE_ALWAYS_INLINE 1
| #define C_HAS_BUILTIN_EXPECT 1
| #define C_TARGETCPU UNKNOWN
| #define C_FPU 1
| /* end confdefs.h.  */
| #include <stdio.h>
| #ifdef HAVE_SYS_TYPES_H
| # include <sys/types.h>
| #endif
| #ifdef HAVE_SYS_STAT_H
| # include <sys/stat.h>
| #endif
| #ifdef STDC_HEADERS
| # include <stdlib.h>
| # include <stddef.h>
| #else
| # ifdef HAVE_STDLIB_H
| #  include <stdlib.h>
| # endif
| #endif
| #ifdef HAVE_STRING_H
| # if !defined STDC_HEADERS && defined HAVE_MEMORY_H
| #  include <memory.h>
| # endif
| # include <string.h>
| #endif
| #ifdef HAVE_STRINGS_H
| # include <strings.h>
| #endif
| #ifdef HAVE_INTTYPES_H
| # include <inttypes.h>
| #endif
| #ifdef HAVE_STDINT_H
| # include <stdint.h>
| #endif
| #ifdef HAVE_UNISTD_H
| # include <unistd.h>
| #endif
| #include <SDL_net.h>
configure:7298: result: no
configure:7298: checking SDL_net.h presence
configure:7298: /usr/local/Cellar/emscripten/1.33.0/libexec/emcc -E  conftest.c
conftest.c:41:10: fatal error: 'SDL_net.h' file not found
#include <SDL_net.h>
         ^
1 error generated.
configure:7298: $? = 1
configure: failed program was:
| /* confdefs.h */
| #define PACKAGE_NAME "dosbox"
| #define PACKAGE_TARNAME "dosbox"
| #define PACKAGE_VERSION "SVN"
| #define PACKAGE_STRING "dosbox SVN"
| #define PACKAGE_BUGREPORT ""
| #define PACKAGE_URL ""
| #define PACKAGE "dosbox"
| #define VERSION "SVN"
| #define FUNARRAY_CORE 1
| #define STDC_HEADERS 1
| #define HAVE_SYS_TYPES_H 1
| #define HAVE_SYS_STAT_H 1
| #define HAVE_STDLIB_H 1
| #define HAVE_STRING_H 1
| #define HAVE_MEMORY_H 1
| #define HAVE_STRINGS_H 1
| #define HAVE_INTTYPES_H 1
| #define HAVE_STDINT_H 1
| #define HAVE_UNISTD_H 1
| #define SIZEOF_UNSIGNED_CHAR 1
| #define SIZEOF_UNSIGNED_SHORT 2
| #define SIZEOF_UNSIGNED_INT 4
| #define SIZEOF_UNSIGNED_LONG 8
| #define SIZEOF_UNSIGNED_LONG_LONG 8
| #define SIZEOF_INT_P 8
| #define HAVE_STDLIB_H 1
| #define HAVE_SYS_TYPES_H 1
| #define HAVE_SYS_SOCKET_H 1
| #define HAVE_NETINET_IN_H 1
| #define HAVE_PWD_H 1
| #define ENVIRON_LINKED 1
| #define DIRENT_HAS_D_TYPE 1
| #define DB_HAVE_CLOCK_GETTIME 1
| #define C_HAS_ATTRIBUTE 1
| #define C_ATTRIBUTE_ALWAYS_INLINE 1
| #define C_HAS_BUILTIN_EXPECT 1
| #define C_TARGETCPU UNKNOWN
| #define C_FPU 1
| /* end confdefs.h.  */
| #include <SDL_net.h>
configure:7298: result: no
configure:7298: checking for SDL_net.h
configure:7298: result: no
configure:7341: checking for SDLNet_Init in -lSDL2_net
configure:7366: /usr/local/Cellar/emscripten/1.33.0/libexec/emcc -o conftest.html    conftest.c -lSDL2_net   >&5
WARNING  root: [33memcc: cannot find library "SDL2_net"[0m
[0;33mwarning:[0m unexpected number of arguments 0 in call to 'SDLNet_Init', should be 1
error: unresolved symbol: SDLNet_Init
Aborting compilation due to previous errors | undefined
Traceback (most recent call last):
  File "/usr/local/Cellar/emscripten/1.33.0/libexec/emscripten.py", line 1043, in <module>
    _main(environ=os.environ)
  File "/usr/local/Cellar/emscripten/1.33.0/libexec/emscripten.py", line 1033, in _main
    temp_files.run_and_clean(lambda: main(
  File "/usr/local/Cellar/emscripten/1.33.0/libexec/tools/tempfiles.py", line 39, in run_and_clean
    return func()
  File "/usr/local/Cellar/emscripten/1.33.0/libexec/emscripten.py", line 1039, in <lambda>
    DEBUG_CACHE=DEBUG_CACHE,
  File "/usr/local/Cellar/emscripten/1.33.0/libexec/emscripten.py", line 940, in main
    temp_files=temp_files, DEBUG=DEBUG, DEBUG_CACHE=DEBUG_CACHE)
  File "/usr/local/Cellar/emscripten/1.33.0/libexec/emscripten.py", line 195, in emscript
    cwd=path_from_root('src'), error_limit=300)
  File "/usr/local/Cellar/emscripten/1.33.0/libexec/tools/jsrun.py", line 75, in run_js
    raise Exception('Expected the command ' + str(command) + ' to finish with return code ' + str(assert_returncode) + ', but it returned with code ' + str(proc.returncode) + ' instead! Output: ' + str(ret)[:error_limit])
Exception: Expected the command ['/usr/local/bin/node', '/usr/local/Cellar/emscripten/1.33.0/libexec/src/compiler.js', '/tmp/tmpd4pURf.txt'] to finish with return code 0, but it returned with code 1 instead! Output: // The Module object: Our interface to the outside world. We import
// and export values on it, and do the work to get that through
// closure compiler if necessary. There are various ways Module can be used:
// 1. Not defined. We create it here
// 2. A function parameter, function(Module) { ..gener
Traceback (most recent call last):
  File "/usr/local/Cellar/emscripten/1.33.0/libexec/emcc", line 1270, in <module>
    final = shared.Building.emscripten(final, append_ext=False, extra_args=extra_args)
  File "/usr/local/Cellar/emscripten/1.33.0/libexec/tools/shared.py", line 1535, in emscripten
    assert os.path.exists(filename + '.o.js'), 'Emscripten failed to generate .js'
AssertionError: Emscripten failed to generate .js
configure:7366: $? = 1
configure: failed program was:
| /* confdefs.h */
| #define PACKAGE_NAME "dosbox"
| #define PACKAGE_TARNAME "dosbox"
| #define PACKAGE_VERSION "SVN"
| #define PACKAGE_STRING "dosbox SVN"
| #define PACKAGE_BUGREPORT ""
| #define PACKAGE_URL ""
| #define PACKAGE "dosbox"
| #define VERSION "SVN"
| #define FUNARRAY_CORE 1
| #define STDC_HEADERS 1
| #define HAVE_SYS_TYPES_H 1
| #define HAVE_SYS_STAT_H 1
| #define HAVE_STDLIB_H 1
| #define HAVE_STRING_H 1
| #define HAVE_MEMORY_H 1
| #define HAVE_STRINGS_H 1
| #define HAVE_INTTYPES_H 1
| #define HAVE_STDINT_H 1
| #define HAVE_UNISTD_H 1
| #define SIZEOF_UNSIGNED_CHAR 1
| #define SIZEOF_UNSIGNED_SHORT 2
| #define SIZEOF_UNSIGNED_INT 4
| #define SIZEOF_UNSIGNED_LONG 8
| #define SIZEOF_UNSIGNED_LONG_LONG 8
| #define SIZEOF_INT_P 8
| #define HAVE_STDLIB_H 1
| #define HAVE_SYS_TYPES_H 1
| #define HAVE_SYS_SOCKET_H 1
| #define HAVE_NETINET_IN_H 1
| #define HAVE_PWD_H 1
| #define ENVIRON_LINKED 1
| #define DIRENT_HAS_D_TYPE 1
| #define DB_HAVE_CLOCK_GETTIME 1
| #define C_HAS_ATTRIBUTE 1
| #define C_ATTRIBUTE_ALWAYS_INLINE 1
| #define C_HAS_BUILTIN_EXPECT 1
| #define C_TARGETCPU UNKNOWN
| #define C_FPU 1
| /* end confdefs.h.  */
| 
| /* Override any GCC internal prototype to avoid an error.
|    Use char because int might match the return type of a GCC
|    builtin and then its argument prototype would still apply.  */
| #ifdef __cplusplus
| extern "C"
| #endif
| char SDLNet_Init ();
| int
| main ()
| {
| return SDLNet_Init ();
|   ;
|   return 0;
| }
configure:7376: result: no
configure:7390: WARNING: Can't find SDL2_net, internal modem and ipx disabled
configure:7581: checking SDL_sound.h usability
configure:7581: /usr/local/Cellar/emscripten/1.33.0/libexec/emcc -c   conftest.c >&5
conftest.c:74:10: fatal error: 'SDL_sound.h' file not found
#include <SDL_sound.h>
         ^
1 error generated.
ERROR    root: [31mcompiler frontend failed to generate LLVM bitcode, halting[0m
configure:7581: $? = 1
configure: failed program was:
| /* confdefs.h */
| #define PACKAGE_NAME "dosbox"
| #define PACKAGE_TARNAME "dosbox"
| #define PACKAGE_VERSION "SVN"
| #define PACKAGE_STRING "dosbox SVN"
| #define PACKAGE_BUGREPORT ""
| #define PACKAGE_URL ""
| #define PACKAGE "dosbox"
| #define VERSION "SVN"
| #define FUNARRAY_CORE 1
| #define STDC_HEADERS 1
| #define HAVE_SYS_TYPES_H 1
| #define HAVE_SYS_STAT_H 1
| #define HAVE_STDLIB_H 1
| #define HAVE_STRING_H 1
| #define HAVE_MEMORY_H 1
| #define HAVE_STRINGS_H 1
| #define HAVE_INTTYPES_H 1
| #define HAVE_STDINT_H 1
| #define HAVE_UNISTD_H 1
| #define SIZEOF_UNSIGNED_CHAR 1
| #define SIZEOF_UNSIGNED_SHORT 2
| #define SIZEOF_UNSIGNED_INT 4
| #define SIZEOF_UNSIGNED_LONG 8
| #define SIZEOF_UNSIGNED_LONG_LONG 8
| #define SIZEOF_INT_P 8
| #define HAVE_STDLIB_H 1
| #define HAVE_SYS_TYPES_H 1
| #define HAVE_SYS_SOCKET_H 1
| #define HAVE_NETINET_IN_H 1
| #define HAVE_PWD_H 1
| #define ENVIRON_LINKED 1
| #define DIRENT_HAS_D_TYPE 1
| #define DB_HAVE_CLOCK_GETTIME 1
| #define C_HAS_ATTRIBUTE 1
| #define C_ATTRIBUTE_ALWAYS_INLINE 1
| #define C_HAS_BUILTIN_EXPECT 1
| #define C_TARGETCPU UNKNOWN
| #define C_FPU 1
| /* end confdefs.h.  */
| #include <stdio.h>
| #ifdef HAVE_SYS_TYPES_H
| # include <sys/types.h>
| #endif
| #ifdef HAVE_SYS_STAT_H
| # include <sys/stat.h>
| #endif
| #ifdef STDC_HEADERS
| # include <stdlib.h>
| # include <stddef.h>
| #else
| # ifdef HAVE_STDLIB_H
| #  include <stdlib.h>
| # endif
| #endif
| #ifdef HAVE_STRING_H
| # if !defined STDC_HEADERS && defined HAVE_MEMORY_H
| #  include <memory.h>
| # endif
| # include <string.h>
| #endif
| #ifdef HAVE_STRINGS_H
| # include <strings.h>
| #endif
| #ifdef HAVE_INTTYPES_H
| # include <inttypes.h>
| #endif
| #ifdef HAVE_STDINT_H
| # include <stdint.h>
| #endif
| #ifdef HAVE_UNISTD_H
| # include <unistd.h>
| #endif
| #include <SDL_sound.h>
configure:7581: result: no
configure:7581: checking SDL_sound.h presence
configure:7581: /usr/local/Cellar/emscripten/1.33.0/libexec/emcc -E  conftest.c
conftest.c:41:10: fatal error: 'SDL_sound.h' file not found
#include <SDL_sound.h>
         ^
1 error generated.
configure:7581: $? = 1
configure: failed program was:
| /* confdefs.h */
| #define PACKAGE_NAME "dosbox"
| #define PACKAGE_TARNAME "dosbox"
| #define PACKAGE_VERSION "SVN"
| #define PACKAGE_STRING "dosbox SVN"
| #define PACKAGE_BUGREPORT ""
| #define PACKAGE_URL ""
| #define PACKAGE "dosbox"
| #define VERSION "SVN"
| #define FUNARRAY_CORE 1
| #define STDC_HEADERS 1
| #define HAVE_SYS_TYPES_H 1
| #define HAVE_SYS_STAT_H 1
| #define HAVE_STDLIB_H 1
| #define HAVE_STRING_H 1
| #define HAVE_MEMORY_H 1
| #define HAVE_STRINGS_H 1
| #define HAVE_INTTYPES_H 1
| #define HAVE_STDINT_H 1
| #define HAVE_UNISTD_H 1
| #define SIZEOF_UNSIGNED_CHAR 1
| #define SIZEOF_UNSIGNED_SHORT 2
| #define SIZEOF_UNSIGNED_INT 4
| #define SIZEOF_UNSIGNED_LONG 8
| #define SIZEOF_UNSIGNED_LONG_LONG 8
| #define SIZEOF_INT_P 8
| #define HAVE_STDLIB_H 1
| #define HAVE_SYS_TYPES_H 1
| #define HAVE_SYS_SOCKET_H 1
| #define HAVE_NETINET_IN_H 1
| #define HAVE_PWD_H 1
| #define ENVIRON_LINKED 1
| #define DIRENT_HAS_D_TYPE 1
| #define DB_HAVE_CLOCK_GETTIME 1
| #define C_HAS_ATTRIBUTE 1
| #define C_ATTRIBUTE_ALWAYS_INLINE 1
| #define C_HAS_BUILTIN_EXPECT 1
| #define C_TARGETCPU UNKNOWN
| #define C_FPU 1
| /* end confdefs.h.  */
| #include <SDL_sound.h>
configure:7581: result: no
configure:7581: checking for SDL_sound.h
configure:7581: result: no
configure:7587: checking for Sound_Init in -lSDL_sound
configure:7612: /usr/local/Cellar/emscripten/1.33.0/libexec/emcc -o conftest.html    conftest.c -lSDL_sound   >&5
WARNING  root: [33memcc: cannot find library "SDL_sound"[0m
[0;33mwarning:[0m unexpected number of arguments 0 in call to 'Sound_Init', should be 1
error: unresolved symbol: Sound_Init
Aborting compilation due to previous errors | undefined
Traceback (most recent call last):
  File "/usr/local/Cellar/emscripten/1.33.0/libexec/emscripten.py", line 1043, in <module>
    _main(environ=os.environ)
  File "/usr/local/Cellar/emscripten/1.33.0/libexec/emscripten.py", line 1033, in _main
    temp_files.run_and_clean(lambda: main(
  File "/usr/local/Cellar/emscripten/1.33.0/libexec/tools/tempfiles.py", line 39, in run_and_clean
    return func()
  File "/usr/local/Cellar/emscripten/1.33.0/libexec/emscripten.py", line 1039, in <lambda>
    DEBUG_CACHE=DEBUG_CACHE,
  File "/usr/local/Cellar/emscripten/1.33.0/libexec/emscripten.py", line 940, in main
    temp_files=temp_files, DEBUG=DEBUG, DEBUG_CACHE=DEBUG_CACHE)
  File "/usr/local/Cellar/emscripten/1.33.0/libexec/emscripten.py", line 195, in emscript
    cwd=path_from_root('src'), error_limit=300)
  File "/usr/local/Cellar/emscripten/1.33.0/libexec/tools/jsrun.py", line 75, in run_js
    raise Exception('Expected the command ' + str(command) + ' to finish with return code ' + str(assert_returncode) + ', but it returned with code ' + str(proc.returncode) + ' instead! Output: ' + str(ret)[:error_limit])
Exception: Expected the command ['/usr/local/bin/node', '/usr/local/Cellar/emscripten/1.33.0/libexec/src/compiler.js', '/tmp/tmp7EJkSq.txt'] to finish with return code 0, but it returned with code 1 instead! Output: // The Module object: Our interface to the outside world. We import
// and export values on it, and do the work to get that through
// closure compiler if necessary. There are various ways Module can be used:
// 1. Not defined. We create it here
// 2. A function parameter, function(Module) { ..gener
Traceback (most recent call last):
  File "/usr/local/Cellar/emscripten/1.33.0/libexec/emcc", line 1270, in <module>
    final = shared.Building.emscripten(final, append_ext=False, extra_args=extra_args)
  File "/usr/local/Cellar/emscripten/1.33.0/libexec/tools/shared.py", line 1535, in emscripten
    assert os.path.exists(filename + '.o.js'), 'Emscripten failed to generate .js'
AssertionError: Emscripten failed to generate .js
configure:7612: $? = 1
configure: failed program was:
| /* confdefs.h */
| #define PACKAGE_NAME "dosbox"
| #define PACKAGE_TARNAME "dosbox"
| #define PACKAGE_VERSION "SVN"
| #define PACKAGE_STRING "dosbox SVN"
| #define PACKAGE_BUGREPORT ""
| #define PACKAGE_URL ""
| #define PACKAGE "dosbox"
| #define VERSION "SVN"
| #define FUNARRAY_CORE 1
| #define STDC_HEADERS 1
| #define HAVE_SYS_TYPES_H 1
| #define HAVE_SYS_STAT_H 1
| #define HAVE_STDLIB_H 1
| #define HAVE_STRING_H 1
| #define HAVE_MEMORY_H 1
| #define HAVE_STRINGS_H 1
| #define HAVE_INTTYPES_H 1
| #define HAVE_STDINT_H 1
| #define HAVE_UNISTD_H 1
| #define SIZEOF_UNSIGNED_CHAR 1
| #define SIZEOF_UNSIGNED_SHORT 2
| #define SIZEOF_UNSIGNED_INT 4
| #define SIZEOF_UNSIGNED_LONG 8
| #define SIZEOF_UNSIGNED_LONG_LONG 8
| #define SIZEOF_INT_P 8
| #define HAVE_STDLIB_H 1
| #define HAVE_SYS_TYPES_H 1
| #define HAVE_SYS_SOCKET_H 1
| #define HAVE_NETINET_IN_H 1
| #define HAVE_PWD_H 1
| #define ENVIRON_LINKED 1
| #define DIRENT_HAS_D_TYPE 1
| #define DB_HAVE_CLOCK_GETTIME 1
| #define C_HAS_ATTRIBUTE 1
| #define C_ATTRIBUTE_ALWAYS_INLINE 1
| #define C_HAS_BUILTIN_EXPECT 1
| #define C_TARGETCPU UNKNOWN
| #define C_FPU 1
| /* end confdefs.h.  */
| 
| /* Override any GCC internal prototype to avoid an error.
|    Use char because int might match the return type of a GCC
|    builtin and then its argument prototype would still apply.  */
| #ifdef __cplusplus
| extern "C"
| #endif
| char Sound_Init ();
| int
| main ()
| {
| return Sound_Init ();
|   ;
|   return 0;
| }
configure:7621: result: no
configure:7627: checking for Sound_Seek in -lSDL_sound
configure:7652: /usr/local/Cellar/emscripten/1.33.0/libexec/emcc -o conftest.html    conftest.c -lSDL_sound   >&5
WARNING  root: [33memcc: cannot find library "SDL_sound"[0m
[0;33mwarning:[0m unexpected number of arguments 0 in call to 'Sound_Seek', should be 1
error: unresolved symbol: Sound_Seek
Aborting compilation due to previous errors | undefined
Traceback (most recent call last):
  File "/usr/local/Cellar/emscripten/1.33.0/libexec/emscripten.py", line 1043, in <module>
    _main(environ=os.environ)
  File "/usr/local/Cellar/emscripten/1.33.0/libexec/emscripten.py", line 1033, in _main
    temp_files.run_and_clean(lambda: main(
  File "/usr/local/Cellar/emscripten/1.33.0/libexec/tools/tempfiles.py", line 39, in run_and_clean
    return func()
  File "/usr/local/Cellar/emscripten/1.33.0/libexec/emscripten.py", line 1039, in <lambda>
    DEBUG_CACHE=DEBUG_CACHE,
  File "/usr/local/Cellar/emscripten/1.33.0/libexec/emscripten.py", line 940, in main
    temp_files=temp_files, DEBUG=DEBUG, DEBUG_CACHE=DEBUG_CACHE)
  File "/usr/local/Cellar/emscripten/1.33.0/libexec/emscripten.py", line 195, in emscript
    cwd=path_from_root('src'), error_limit=300)
  File "/usr/local/Cellar/emscripten/1.33.0/libexec/tools/jsrun.py", line 75, in run_js
    raise Exception('Expected the command ' + str(command) + ' to finish with return code ' + str(assert_returncode) + ', but it returned with code ' + str(proc.returncode) + ' instead! Output: ' + str(ret)[:error_limit])
Exception: Expected the command ['/usr/local/bin/node', '/usr/local/Cellar/emscripten/1.33.0/libexec/src/compiler.js', '/tmp/tmpOAuqjq.txt'] to finish with return code 0, but it returned with code 1 instead! Output: // The Module object: Our interface to the outside world. We import
// and export values on it, and do the work to get that through
// closure compiler if necessary. There are various ways Module can be used:
// 1. Not defined. We create it here
// 2. A function parameter, function(Module) { ..gener
Traceback (most recent call last):
  File "/usr/local/Cellar/emscripten/1.33.0/libexec/emcc", line 1270, in <module>
    final = shared.Building.emscripten(final, append_ext=False, extra_args=extra_args)
  File "/usr/local/Cellar/emscripten/1.33.0/libexec/tools/shared.py", line 1535, in emscripten
    assert os.path.exists(filename + '.o.js'), 'Emscripten failed to generate .js'
AssertionError: Emscripten failed to generate .js
configure:7652: $? = 1
configure: failed program was:
| /* confdefs.h */
| #define PACKAGE_NAME "dosbox"
| #define PACKAGE_TARNAME "dosbox"
| #define PACKAGE_VERSION "SVN"
| #define PACKAGE_STRING "dosbox SVN"
| #define PACKAGE_BUGREPORT ""
| #define PACKAGE_URL ""
| #define PACKAGE "dosbox"
| #define VERSION "SVN"
| #define FUNARRAY_CORE 1
| #define STDC_HEADERS 1
| #define HAVE_SYS_TYPES_H 1
| #define HAVE_SYS_STAT_H 1
| #define HAVE_STDLIB_H 1
| #define HAVE_STRING_H 1
| #define HAVE_MEMORY_H 1
| #define HAVE_STRINGS_H 1
| #define HAVE_INTTYPES_H 1
| #define HAVE_STDINT_H 1
| #define HAVE_UNISTD_H 1
| #define SIZEOF_UNSIGNED_CHAR 1
| #define SIZEOF_UNSIGNED_SHORT 2
| #define SIZEOF_UNSIGNED_INT 4
| #define SIZEOF_UNSIGNED_LONG 8
| #define SIZEOF_UNSIGNED_LONG_LONG 8
| #define SIZEOF_INT_P 8
| #define HAVE_STDLIB_H 1
| #define HAVE_SYS_TYPES_H 1
| #define HAVE_SYS_SOCKET_H 1
| #define HAVE_NETINET_IN_H 1
| #define HAVE_PWD_H 1
| #define ENVIRON_LINKED 1
| #define DIRENT_HAS_D_TYPE 1
| #define DB_HAVE_CLOCK_GETTIME 1
| #define C_HAS_ATTRIBUTE 1
| #define C_ATTRIBUTE_ALWAYS_INLINE 1
| #define C_HAS_BUILTIN_EXPECT 1
| #define C_TARGETCPU UNKNOWN
| #define C_FPU 1
| /* end confdefs.h.  */
| 
| /* Override any GCC internal prototype to avoid an error.
|    Use char because int might match the return type of a GCC
|    builtin and then its argument prototype would still apply.  */
| #ifdef __cplusplus
| extern "C"
| #endif
| char Sound_Seek ();
| int
| main ()
| {
| return Sound_Seek ();
|   ;
|   return 0;
| }
configure:7661: result: no
configure:7677: WARNING: Can't find libSDL_sound, libSDL_sound support disabled
configure:7682: checking sys/mman.h usability
configure:7682: /usr/local/Cellar/emscripten/1.33.0/libexec/emcc -c   conftest.c >&5
configure:7682: $? = 0
configure:7682: result: yes
configure:7682: checking sys/mman.h presence
configure:7682: /usr/local/Cellar/emscripten/1.33.0/libexec/emcc -E  conftest.c
configure:7682: $? = 0
configure:7682: result: yes
configure:7682: checking for sys/mman.h
configure:7682: result: yes
configure:7685: checking for mprotect
configure:7685: /usr/local/Cellar/emscripten/1.33.0/libexec/emcc -o conftest.html    conftest.c  >&5
[0;33mwarning:[0m unexpected number of arguments 0 in call to 'mprotect', should be 1
configure:7685: $? = 0
configure:7685: result: yes
configure:7697: checking for setpriority support
configure:7708: /usr/local/Cellar/emscripten/1.33.0/libexec/emcc -o conftest.html    conftest.c  >&5
conftest.c:44:5: error: second parameter of 'main' (argument array) must be of type 'char **'
int main(int argc,char * argv) {
    ^
1 error generated.
ERROR    root: [31mcompiler frontend failed to generate LLVM bitcode, halting[0m
configure:7708: $? = 1
configure: failed program was:
| /* confdefs.h */
| #define PACKAGE_NAME "dosbox"
| #define PACKAGE_TARNAME "dosbox"
| #define PACKAGE_VERSION "SVN"
| #define PACKAGE_STRING "dosbox SVN"
| #define PACKAGE_BUGREPORT ""
| #define PACKAGE_URL ""
| #define PACKAGE "dosbox"
| #define VERSION "SVN"
| #define FUNARRAY_CORE 1
| #define STDC_HEADERS 1
| #define HAVE_SYS_TYPES_H 1
| #define HAVE_SYS_STAT_H 1
| #define HAVE_STDLIB_H 1
| #define HAVE_STRING_H 1
| #define HAVE_MEMORY_H 1
| #define HAVE_STRINGS_H 1
| #define HAVE_INTTYPES_H 1
| #define HAVE_STDINT_H 1
| #define HAVE_UNISTD_H 1
| #define SIZEOF_UNSIGNED_CHAR 1
| #define SIZEOF_UNSIGNED_SHORT 2
| #define SIZEOF_UNSIGNED_INT 4
| #define SIZEOF_UNSIGNED_LONG 8
| #define SIZEOF_UNSIGNED_LONG_LONG 8
| #define SIZEOF_INT_P 8
| #define HAVE_STDLIB_H 1
| #define HAVE_SYS_TYPES_H 1
| #define HAVE_SYS_SOCKET_H 1
| #define HAVE_NETINET_IN_H 1
| #define HAVE_PWD_H 1
| #define ENVIRON_LINKED 1
| #define DIRENT_HAS_D_TYPE 1
| #define DB_HAVE_CLOCK_GETTIME 1
| #define C_HAS_ATTRIBUTE 1
| #define C_ATTRIBUTE_ALWAYS_INLINE 1
| #define C_HAS_BUILTIN_EXPECT 1
| #define C_TARGETCPU UNKNOWN
| #define C_FPU 1
| #define C_HAVE_MPROTECT 1
| /* end confdefs.h.  */
| 
| #include <sys/resource.h>
| int main(int argc,char * argv) {
| 	return setpriority (PRIO_PROCESS, 0,PRIO_MIN+PRIO_MAX);
| };
| 
configure:7713: result: no
configure:8038: checking that generated files are newer than configure
configure:8044: result: done
configure:8088: creating ./config.status

## ---------------------- ##
## Running config.status. ##
## ---------------------- ##

This file was extended by dosbox config.status SVN, which was
generated by GNU Autoconf 2.69.  Invocation command line was

  CONFIG_FILES    = 
  CONFIG_HEADERS  = 
  CONFIG_LINKS    = 
  CONFIG_COMMANDS = 
  $ ./config.status 

on Pengs-MBP.home

config.status:928: creating Makefile
config.status:928: creating src/Makefile
config.status:928: creating src/cpu/Makefile
config.status:928: creating src/cpu/core_full/Makefile
config.status:928: creating src/cpu/core_normal/Makefile
config.status:928: creating src/cpu/core_dyn_x86/Makefile
config.status:928: creating src/cpu/core_dynrec/Makefile
config.status:928: creating src/debug/Makefile
config.status:928: creating src/dos/Makefile
config.status:928: creating src/fpu/Makefile
config.status:928: creating src/gui/Makefile
config.status:928: creating src/hardware/Makefile
config.status:928: creating src/hardware/serialport/Makefile
config.status:928: creating src/ints/Makefile
config.status:928: creating src/libs/Makefile
config.status:928: creating src/libs/zmbv/Makefile
config.status:928: creating src/libs/gui_tk/Makefile
config.status:928: creating src/misc/Makefile
config.status:928: creating src/shell/Makefile
config.status:928: creating src/platform/Makefile
config.status:928: creating src/platform/visualc/Makefile
config.status:928: creating visualc_net/Makefile
config.status:928: creating include/Makefile
config.status:928: creating docs/Makefile
config.status:928: creating config.h
config.status:1157: executing depfiles commands

## ---------------- ##
## Cache variables. ##
## ---------------- ##

ac_cv_build=x86_64-apple-darwin14.5.0
ac_cv_c_bigendian=no
ac_cv_c_compiler_gnu=yes
ac_cv_c_const=yes
ac_cv_c_inline=inline
ac_cv_cxx_compiler_gnu=yes
ac_cv_env_CCC_set=
ac_cv_env_CCC_value=
ac_cv_env_CC_set=set
ac_cv_env_CC_value=/usr/local/Cellar/emscripten/1.33.0/libexec/emcc
ac_cv_env_CFLAGS_set=set
ac_cv_env_CFLAGS_value=
ac_cv_env_CPPFLAGS_set=
ac_cv_env_CPPFLAGS_value=
ac_cv_env_CPP_set=
ac_cv_env_CPP_value=
ac_cv_env_CXXFLAGS_set=
ac_cv_env_CXXFLAGS_value=
ac_cv_env_CXX_set=set
ac_cv_env_CXX_value=/usr/local/Cellar/emscripten/1.33.0/libexec/em++
ac_cv_env_LDFLAGS_set=
ac_cv_env_LDFLAGS_value=
ac_cv_env_LIBS_set=
ac_cv_env_LIBS_value=
ac_cv_env_build_alias_set=
ac_cv_env_build_alias_value=
ac_cv_env_host_alias_set=
ac_cv_env_host_alias_value=
ac_cv_env_target_alias_set=
ac_cv_env_target_alias_value=
ac_cv_exeext=.html
ac_cv_func_mprotect=yes
ac_cv_header_SDL_net_h=no
ac_cv_header_SDL_sound_h=no
ac_cv_header_inttypes_h=yes
ac_cv_header_memory_h=yes
ac_cv_header_netinet_in_h=yes
ac_cv_header_pwd_h=yes
ac_cv_header_stdc=yes
ac_cv_header_stdint_h=yes
ac_cv_header_stdlib_h=yes
ac_cv_header_string_h=yes
ac_cv_header_strings_h=yes
ac_cv_header_sys_mman_h=yes
ac_cv_header_sys_socket_h=yes
ac_cv_header_sys_stat_h=yes
ac_cv_header_sys_types_h=yes
ac_cv_header_unistd_h=yes
ac_cv_host=none-none-none
ac_cv_lib_SDL2_net___SDLNet_Init=no
ac_cv_lib_SDL_sound_Sound_Init=no
ac_cv_lib_SDL_sound_Sound_Seek=no
ac_cv_lib_asound_snd_ctl_open=no
ac_cv_objext=o
ac_cv_path_EGREP='/usr/bin/grep -E'
ac_cv_path_GREP=/usr/bin/grep
ac_cv_path_install='/usr/bin/install -c'
ac_cv_prog_AWK=awk
ac_cv_prog_CPP='/usr/local/Cellar/emscripten/1.33.0/libexec/emcc -E'
ac_cv_prog_ac_ct_CC=/usr/local/Cellar/emscripten/1.33.0/libexec/emcc
ac_cv_prog_ac_ct_RANLIB=/usr/local/Cellar/emscripten/1.33.0/libexec/emranlib
ac_cv_prog_cc_c89=
ac_cv_prog_cc_g=yes
ac_cv_prog_cxx_g=yes
ac_cv_prog_make_make_set=yes
ac_cv_search_clock_gettime='none required'
ac_cv_sizeof_int_p=8
ac_cv_sizeof_unsigned_char=1
ac_cv_sizeof_unsigned_int=4
ac_cv_sizeof_unsigned_long=8
ac_cv_sizeof_unsigned_long_long=8
ac_cv_sizeof_unsigned_short=2
ac_cv_struct_tm=time.h
ac_cv_type_size_t=yes
am_cv_CC_dependencies_compiler_type=gcc3
am_cv_CXX_dependencies_compiler_type=gcc3
am_cv_ar_interface=ar
am_cv_make_support_nested_variables=yes
am_cv_prog_cc_c_o=yes

## ----------------- ##
## Output variables. ##
## ----------------- ##

ACLOCAL='${SHELL} /Users/pengwei/projects/em-dosbox-jy/missing aclocal-1.15'
ALSA_CFLAGS=''
ALSA_LIBS=''
AMDEPBACKSLASH='\'
AMDEP_FALSE='#'
AMDEP_TRUE=''
AMTAR='$${TAR-tar}'
AM_BACKSLASH='\'
AM_DEFAULT_V='$(AM_DEFAULT_VERBOSITY)'
AM_DEFAULT_VERBOSITY='1'
AM_V='$(V)'
AR='/usr/local/Cellar/emscripten/1.33.0/libexec/emar'
AUTOCONF='${SHELL} /Users/pengwei/projects/em-dosbox-jy/missing autoconf'
AUTOHEADER='${SHELL} /Users/pengwei/projects/em-dosbox-jy/missing autoheader'
AUTOMAKE='${SHELL} /Users/pengwei/projects/em-dosbox-jy/missing automake-1.15'
AWK='awk'
CC='/usr/local/Cellar/emscripten/1.33.0/libexec/emcc'
CCDEPMODE='depmode=gcc3'
CFLAGS=''
CPP='/usr/local/Cellar/emscripten/1.33.0/libexec/emcc -E'
CPPFLAGS=''
CXX='/usr/local/Cellar/emscripten/1.33.0/libexec/em++'
CXXDEPMODE='depmode=gcc3'
CXXFLAGS='-O3  -s USE_SDL=2'
CYGPATH_W='echo'
DEFS='-DHAVE_CONFIG_H'
DEPDIR='.deps'
ECHO_C='\c'
ECHO_N=''
ECHO_T=''
EGREP='/usr/bin/grep -E'
EMSCRIPTEN_BUILD_FALSE='#'
EMSCRIPTEN_BUILD_TRUE=''
EMTERPRETER_FALSE='#'
EMTERPRETER_TRUE=''
EXEEXT='.html'
FUNARRAY_CORE_FALSE='#'
FUNARRAY_CORE_TRUE=''
GREP='/usr/bin/grep'
HAVE_WINDRES_FALSE=''
HAVE_WINDRES_TRUE='#'
INSTALL_DATA='${INSTALL} -m 644'
INSTALL_PROGRAM='${INSTALL}'
INSTALL_SCRIPT='${INSTALL}'
INSTALL_STRIP_PROGRAM='$(install_sh) -c -s'
LDFLAGS=''
LIBOBJS=''
LIBS=''
LTLIBOBJS=''
MAKEINFO='${SHELL} /Users/pengwei/projects/em-dosbox-jy/missing makeinfo'
MKDIR_P='./install-sh -c -d'
OBJEXT='o'
PACKAGE='dosbox'
PACKAGE_BUGREPORT=''
PACKAGE_NAME='dosbox'
PACKAGE_STRING='dosbox SVN'
PACKAGE_TARNAME='dosbox'
PACKAGE_URL=''
PACKAGE_VERSION='SVN'
PATH_SEPARATOR=':'
RANLIB='/usr/local/Cellar/emscripten/1.33.0/libexec/emranlib'
SDL_CFLAGS=''
SDL_CONFIG=''
SDL_LIBS=''
SET_MAKE=''
SHELL='/bin/sh'
STRIP=''
VERSION='SVN'
WINDRES=':'
ac_ct_AR=''
ac_ct_CC='/usr/local/Cellar/emscripten/1.33.0/libexec/emcc'
ac_ct_CXX=''
am__EXEEXT_FALSE='#'
am__EXEEXT_TRUE=''
am__fastdepCC_FALSE='#'
am__fastdepCC_TRUE=''
am__fastdepCXX_FALSE='#'
am__fastdepCXX_TRUE=''
am__include='include'
am__isrc=''
am__leading_dot='.'
am__nodep='_no'
am__quote=''
am__tar='$${TAR-tar} chof - "$$tardir"'
am__untar='$${TAR-tar} xf -'
bindir='${exec_prefix}/bin'
build='x86_64-apple-darwin14.5.0'
build_alias=''
build_cpu='x86_64'
build_os='darwin14.5.0'
build_vendor='apple'
datadir='${datarootdir}'
datarootdir='${prefix}/share'
docdir='${datarootdir}/doc/${PACKAGE_TARNAME}'
dvidir='${docdir}'
exec_prefix='${prefix}'
host='none-none-none'
host_alias='none'
host_cpu='none'
host_os='none'
host_vendor='none'
htmldir='${docdir}'
includedir='${prefix}/include'
infodir='${datarootdir}/info'
install_sh='${SHELL} /Users/pengwei/projects/em-dosbox-jy/install-sh'
libdir='${exec_prefix}/lib'
libexecdir='${exec_prefix}/libexec'
localedir='${datarootdir}/locale'
localstatedir='${prefix}/var'
mandir='${datarootdir}/man'
mkdir_p='$(MKDIR_P)'
oldincludedir='/usr/include'
pdfdir='${docdir}'
prefix='/usr/local'
program_transform_name='s,x,x,'
psdir='${docdir}'
sbindir='${exec_prefix}/sbin'
sharedstatedir='${prefix}/com'
sysconfdir='${prefix}/etc'
target_alias=''

## ----------- ##
## confdefs.h. ##
## ----------- ##

/* confdefs.h */
#define PACKAGE_NAME "dosbox"
#define PACKAGE_TARNAME "dosbox"
#define PACKAGE_VERSION "SVN"
#define PACKAGE_STRING "dosbox SVN"
#define PACKAGE_BUGREPORT ""
#define PACKAGE_URL ""
#define PACKAGE "dosbox"
#define VERSION "SVN"
#define FUNARRAY_CORE 1
#define STDC_HEADERS 1
#define HAVE_SYS_TYPES_H 1
#define HAVE_SYS_STAT_H 1
#define HAVE_STDLIB_H 1
#define HAVE_STRING_H 1
#define HAVE_MEMORY_H 1
#define HAVE_STRINGS_H 1
#define HAVE_INTTYPES_H 1
#define HAVE_STDINT_H 1
#define HAVE_UNISTD_H 1
#define SIZEOF_UNSIGNED_CHAR 1
#define SIZEOF_UNSIGNED_SHORT 2
#define SIZEOF_UNSIGNED_INT 4
#define SIZEOF_UNSIGNED_LONG 8
#define SIZEOF_UNSIGNED_LONG_LONG 8
#define SIZEOF_INT_P 8
#define HAVE_STDLIB_H 1
#define HAVE_SYS_TYPES_H 1
#define HAVE_SYS_SOCKET_H 1
#define HAVE_NETINET_IN_H 1
#define HAVE_PWD_H 1
#define ENVIRON_LINKED 1
#define DIRENT_HAS_D_TYPE 1
#define DB_HAVE_CLOCK_GETTIME 1
#define C_HAS_ATTRIBUTE 1
#define C_ATTRIBUTE_ALWAYS_INLINE 1
#define C_HAS_BUILTIN_EXPECT 1
#define C_TARGETCPU UNKNOWN
#define C_FPU 1
#define C_HAVE_MPROTECT 1
#define EMTERPRETER_SYNC 1

configure: exit 0
